Copyright 1986-2022 Xilinx, Inc. All Rights Reserved.
------------------------------------------------------------------------------------------------------------------------------------------------------
| Tool Version : Vivado v.2022.2 (lin64) Build 3671981 Fri Oct 14 04:59:54 MDT 2022
| Date         : Thu Dec 12 15:31:48 2024
| Host         : ztn-Legion-Y9000P-IRX8 running 64-bit Ubuntu 24.04.1 LTS
| Command      : report_drc -file ece385final_s7_slave_drc_routed.rpt -pb ece385final_s7_slave_drc_routed.pb -rpx ece385final_s7_slave_drc_routed.rpx
| Design       : ece385final_s7_slave
| Device       : xc7s50csga324-2
| Speed File   : -2
| Design State : Fully Routed
------------------------------------------------------------------------------------------------------------------------------------------------------

Report DRC

Table of Contents
-----------------
1. REPORT SUMMARY
2. REPORT DETAILS

1. REPORT SUMMARY
-----------------
            Netlist: netlist
          Floorplan: design_1
      Design limits: <entire design considered>
           Ruledeck: default
             Max violations: <unlimited>
             Violations found: 0
+------+----------+-------------+------------+
| Rule | Severity | Description | Violations |
+------+----------+-------------+------------+
+------+----------+-------------+------------+

2. REPORT DETAILS
-----------------

