Copyright 1986-2022 Xilinx, Inc. All Rights Reserved.
----------------------------------------------------------------------------------------------------------------------------------------------------------------------------------
| Tool Version     : Vivado v.2022.2 (lin64) Build 3671981 Fri Oct 14 04:59:54 MDT 2022
| Date             : Thu Dec 12 15:31:50 2024
| Host             : ztn-Legion-Y9000P-IRX8 running 64-bit Ubuntu 24.04.1 LTS
| Command          : report_power -file ece385final_s7_slave_power_routed.rpt -pb ece385final_s7_slave_power_summary_routed.pb -rpx ece385final_s7_slave_power_routed.rpx
| Design           : ece385final_s7_slave
| Device           : xc7s50csga324-2
| Design State     : routed
| Grade            : commercial
| Process          : typical
| Characterization : Production
----------------------------------------------------------------------------------------------------------------------------------------------------------------------------------

Power Report

Table of Contents
-----------------
1. Summary
1.1 On-Chip Components
1.2 Power Supply Summary
1.3 Confidence Level
2. Settings
2.1 Environment
2.2 Clock Constraints
3. Detailed Reports
3.1 By Hierarchy

1. Summary
----------

+--------------------------+--------------+
| Total On-Chip Power (W)  | 0.218        |
| Design Power Budget (W)  | Unspecified* |
| Power Budget Margin (W)  | NA           |
| Dynamic (W)              | 0.146        |
| Device Static (W)        | 0.072        |
| Effective TJA (C/W)      | 4.9          |
| Max Ambient (C)          | 83.9         |
| Junction Temperature (C) | 26.1         |
| Confidence Level         | Low          |
| Setting File             | ---          |
| Simulation Activity File | ---          |
| Design Nets Matched      | NA           |
+--------------------------+--------------+
* Specify Design Power Budget using, set_operating_conditions -design_power_budget <value in Watts>


1.1 On-Chip Components
----------------------

+--------------------------+-----------+----------+-----------+-----------------+
| On-Chip                  | Power (W) | Used     | Available | Utilization (%) |
+--------------------------+-----------+----------+-----------+-----------------+
| Clocks                   |     0.012 |        8 |       --- |             --- |
| Slice Logic              |     0.006 |     6551 |       --- |             --- |
|   LUT as Logic           |     0.004 |     2272 |     32600 |            6.97 |
|   LUT as Distributed RAM |    <0.001 |      172 |      9600 |            1.79 |
|   Register               |    <0.001 |     2526 |     65200 |            3.87 |
|   CARRY4                 |    <0.001 |       85 |      8150 |            1.04 |
|   F7/F8 Muxes            |    <0.001 |       35 |     32600 |            0.11 |
|   LUT as Shift Register  |    <0.001 |       96 |      9600 |            1.00 |
|   Others                 |     0.000 |      756 |       --- |             --- |
| Signals                  |     0.007 |     4501 |       --- |             --- |
| Block RAM                |    <0.001 |        8 |        75 |           10.67 |
| MMCM                     |     0.106 |        1 |         5 |           20.00 |
| DSPs                     |     0.002 |        3 |       120 |            2.50 |
| I/O                      |     0.012 |       46 |       210 |           21.90 |
| Static Power             |     0.072 |          |           |                 |
| Total                    |     0.218 |          |           |                 |
+--------------------------+-----------+----------+-----------+-----------------+


1.2 Power Supply Summary
------------------------

+-----------+-------------+-----------+-------------+------------+-------------+-------------+------------+
| Source    | Voltage (V) | Total (A) | Dynamic (A) | Static (A) | Powerup (A) | Budget (A)  | Margin (A) |
+-----------+-------------+-----------+-------------+------------+-------------+-------------+------------+
| Vccint    |       1.000 |     0.038 |       0.028 |      0.010 |       NA    | Unspecified | NA         |
| Vccaux    |       1.800 |     0.072 |       0.059 |      0.013 |       NA    | Unspecified | NA         |
| Vcco33    |       3.300 |     0.004 |       0.003 |      0.001 |       NA    | Unspecified | NA         |
| Vcco25    |       2.500 |     0.000 |       0.000 |      0.000 |       NA    | Unspecified | NA         |
| Vcco18    |       1.800 |     0.000 |       0.000 |      0.000 |       NA    | Unspecified | NA         |
| Vcco15    |       1.500 |     0.000 |       0.000 |      0.000 |       NA    | Unspecified | NA         |
| Vcco135   |       1.350 |     0.000 |       0.000 |      0.000 |       NA    | Unspecified | NA         |
| Vcco12    |       1.200 |     0.000 |       0.000 |      0.000 |       NA    | Unspecified | NA         |
| Vccaux_io |       1.800 |     0.000 |       0.000 |      0.000 |       NA    | Unspecified | NA         |
| Vccbram   |       1.000 |     0.000 |       0.000 |      0.000 |       NA    | Unspecified | NA         |
| Vccadc    |       1.800 |     0.020 |       0.000 |      0.020 |       NA    | Unspecified | NA         |
+-----------+-------------+-----------+-------------+------------+-------------+-------------+------------+


1.3 Confidence Level
--------------------

+-----------------------------+------------+--------------------------------------------------------+------------------------------------------------------------------------------------------------------------+
| User Input Data             | Confidence | Details                                                | Action                                                                                                     |
+-----------------------------+------------+--------------------------------------------------------+------------------------------------------------------------------------------------------------------------+
| Design implementation state | High       | Design is routed                                       |                                                                                                            |
| Clock nodes activity        | High       | User specified more than 95% of clocks                 |                                                                                                            |
| I/O nodes activity          | Low        | More than 75% of inputs are missing user specification | Provide missing input activity with simulation results or by editing the "By Resource Type -> I/Os" view   |
| Internal nodes activity     | Medium     | User specified less than 25% of internal nodes         | Provide missing internal nodes activity with simulation results or by editing the "By Resource Type" views |
| Device models               | High       | Device models are Production                           |                                                                                                            |
|                             |            |                                                        |                                                                                                            |
| Overall confidence level    | Low        |                                                        |                                                                                                            |
+-----------------------------+------------+--------------------------------------------------------+------------------------------------------------------------------------------------------------------------+


2. Settings
-----------

2.1 Environment
---------------

+-----------------------+--------------------------+
| Ambient Temp (C)      | 25.0                     |
| ThetaJA (C/W)         | 4.9                      |
| Airflow (LFM)         | 250                      |
| Heat Sink             | medium (Medium Profile)  |
| ThetaSA (C/W)         | 4.6                      |
| Board Selection       | medium (10"x10")         |
| # of Board Layers     | 12to15 (12 to 15 Layers) |
| Board Temperature (C) | 25.0                     |
+-----------------------+--------------------------+


2.2 Clock Constraints
---------------------

+---------------------------------------------------------+-----------------------------------------------------+-----------------+
| Clock                                                   | Domain                                              | Constraint (ns) |
+---------------------------------------------------------+-----------------------------------------------------+-----------------+
| bd_inst/mdm_1/U0/Use_E2.BSCAN_I/Use_E2.BSCANE2_I/DRCK   | bd_inst/mdm_1/U0/Use_E2.BSCAN_I/DRCK                |            33.3 |
| bd_inst/mdm_1/U0/Use_E2.BSCAN_I/Use_E2.BSCANE2_I/UPDATE | bd_inst/mdm_1/U0/Use_E2.BSCAN_I/Dbg_Update_0        |            33.3 |
| clk_out1_main_bd_clk_wiz_1_0                            | bd_inst/clk_wiz_1/inst/clk_out1_main_bd_clk_wiz_1_0 |            10.0 |
| clkfbout_main_bd_clk_wiz_1_0                            | bd_inst/clk_wiz_1/inst/clkfbout_main_bd_clk_wiz_1_0 |            10.0 |
| sys_clk                                                 | sys_clk                                             |            10.0 |
| sys_clk                                                 | sys_clk_IBUF_BUFG                                   |            10.0 |
+---------------------------------------------------------+-----------------------------------------------------+-----------------+


3. Detailed Reports
-------------------

3.1 By Hierarchy
----------------

+-----------------------------+-----------+
| Name                        | Power (W) |
+-----------------------------+-----------+
| ece385final_s7_slave        |     0.146 |
|   bd_inst                   |     0.132 |
|     clk_wiz_1               |     0.106 |
|       inst                  |     0.106 |
|     microblaze_0            |     0.013 |
|       U0                    |     0.013 |
|     microblaze_0_axi_intc   |     0.001 |
|       U0                    |     0.001 |
|     microblaze_0_axi_periph |     0.001 |
|       xbar                  |     0.001 |
|     spi_usb                 |     0.004 |
|       U0                    |     0.004 |
|     timer_usb_axi           |     0.002 |
|       U0                    |     0.002 |
+-----------------------------+-----------+


